2022-06-22 19:58:17.469 MSK [2112] СООБЩЕНИЕ:  запускается PostgreSQL 14.4, compiled by Visual C++ build 1914, 64-bit
2022-06-22 19:58:17.484 MSK [2112] СООБЩЕНИЕ:  для приёма подключений по адресу IPv6 "::" открыт порт 5432
2022-06-22 19:58:17.484 MSK [2112] СООБЩЕНИЕ:  для приёма подключений по адресу IPv4 "0.0.0.0" открыт порт 5432
2022-06-22 19:58:17.653 MSK [7840] СООБЩЕНИЕ:  система БД была выключена: 2022-06-22 19:57:54 MSK
2022-06-22 19:58:17.692 MSK [2112] СООБЩЕНИЕ:  система БД готова принимать подключения
2022-06-22 20:09:48.214 MSK [9084] РћРЁРР‘РљРђ:  РѕС‚РЅРѕС€РµРЅРёРµ "for_simple_request" СѓР¶Рµ СЃСѓС‰РµСЃС‚РІСѓРµС‚
2022-06-22 20:09:48.214 MSK [9084] РћРџР•Р РђРўРћР :  create table for_simple_request (
	    random_number int,
	    time_stamp varchar(45)
	);
	
	insert into for_simple_request (random_number, time_stamp) values (228, "22-06-2022 20:09:41");
2022-06-22 20:09:59.258 MSK [9084] РћРЁРР‘РљРђ:  СЃС‚РѕР»Р±РµС† "22-06-2022 20:09:41" РЅРµ СЃСѓС‰РµСЃС‚РІСѓРµС‚ (СЃРёРјРІРѕР» 198)
2022-06-22 20:09:59.258 MSK [9084] РћРџР•Р РђРўРћР :  EXPLAIN (FORMAT JSON, ANALYZE false, VERBOSE false, COSTS false, TIMING false, BUFFERS false, SUMMARY false, SETTINGS false) insert into for_simple_request (random_number, time_stamp) values (228, "22-06-2022 20:09:41");
2022-06-22 20:10:48.616 MSK [9084] РћРЁРР‘РљРђ:  РѕС€РёР±РєР° СЃРёРЅС‚Р°РєСЃРёСЃР° (РїСЂРёРјРµСЂРЅРѕРµ РїРѕР»РѕР¶РµРЅРёРµ: "nsert") (СЃРёРјРІРѕР» 1)
2022-06-22 20:10:48.616 MSK [9084] РћРџР•Р РђРўРћР :  nsert into for_simple_request (random_number, time_stamp) values (228, '22-06-2022 20:09:41');
2022-06-22 20:33:37.999 MSK [14328] ВАЖНО:  база данных "for_simple_request" не существует
2022-06-22 20:34:20.250 MSK [14940] РЎРћРћР‘Р©Р•РќРР•:  РЅРµ СѓРґР°Р»РѕСЃСЊ РїРѕР»СѓС‡РёС‚СЊ РґР°РЅРЅС‹Рµ РѕС‚ РєР»РёРµРЅС‚Р°: An existing connection was forcibly closed by the remote host.
	
2022-06-22 20:34:44.396 MSK [5824] РЎРћРћР‘Р©Р•РќРР•:  РЅРµ СѓРґР°Р»РѕСЃСЊ РїРѕР»СѓС‡РёС‚СЊ РґР°РЅРЅС‹Рµ РѕС‚ РєР»РёРµРЅС‚Р°: An existing connection was forcibly closed by the remote host.
	
2022-06-22 20:34:44.397 MSK [1408] РЎРћРћР‘Р©Р•РќРР•:  РЅРµ СѓРґР°Р»РѕСЃСЊ РїРѕР»СѓС‡РёС‚СЊ РґР°РЅРЅС‹Рµ РѕС‚ РєР»РёРµРЅС‚Р°: An existing connection was forcibly closed by the remote host.
	
2022-06-22 20:34:44.397 MSK [8048] РЎРћРћР‘Р©Р•РќРР•:  РЅРµ СѓРґР°Р»РѕСЃСЊ РїРѕР»СѓС‡РёС‚СЊ РґР°РЅРЅС‹Рµ РѕС‚ РєР»РёРµРЅС‚Р°: An existing connection was forcibly closed by the remote host.
	
2022-06-22 20:34:44.398 MSK [8496] РЎРћРћР‘Р©Р•РќРР•:  РЅРµ СѓРґР°Р»РѕСЃСЊ РїРѕР»СѓС‡РёС‚СЊ РґР°РЅРЅС‹Рµ РѕС‚ РєР»РёРµРЅС‚Р°: An existing connection was forcibly closed by the remote host.
	
2022-06-22 20:34:44.428 MSK [10200] СООБЩЕНИЕ:  не удалось получить данные от клиента: An existing connection was forcibly closed by the remote host.
	
2022-06-22 20:37:47.364 MSK [2112] СООБЩЕНИЕ:  получен запрос на быстрое выключение
2022-06-22 20:37:47.411 MSK [2112] СООБЩЕНИЕ:  прерывание всех активных транзакций
2022-06-22 20:37:47.442 MSK [2112] СООБЩЕНИЕ:  фоновый процесс "logical replication launcher" (PID 4444) завершился с кодом выхода 1
2022-06-22 20:37:47.444 MSK [1216] СООБЩЕНИЕ:  выключение
2022-06-22 20:37:47.588 MSK [2112] СООБЩЕНИЕ:  система БД выключена
